<?xml version="1.0" encoding="UTF-8"?>
<rss version="2.0" xmlns:dc="http://purl.org/dc/elements/1.1/" xmlns:content="http://purl.org/rss/1.0/modules/content/" xmlns:atom="http://www.w3.org/2005/Atom">
<channel>
<title>security-announce Mailing List</title>
<link>https://lists.apple.com/archives/security-announce/2021/Feb/index.html</link>

<item>
<title>Why Are Organizations Losing the Ransomware Battle?</title>
<link>https://www.darkreading.com/vulnerabilities-threats/why-are-organizations-losing-ransomware-battle</link>
<guid>https://www.darkreading.com/vulnerabilities-threats/why-are-organizations-losing-ransomware-battle</guid>
<content:encoded><![CDATA[

Institutionalizing and sustaining fundamental cybersecurity practices requires a commitment to ongoing vigilance, active management, and a comprehensive understanding of evolving threats.
]]></content:encoded>
<pubDate>Fri, 16 Aug 2024 14:00:00 GMT</pubDate>
<pubDate>Fri, 16 Aug 2024 14:00:00 GMT</pubDate>
</item>
<item>
<title>New Banshee Stealer <b>macOS</b> Malware Priced at $3,000 Per Month - SecurityWeek</title>
<link>https://www.google.com/url?rct=j&amp;sa=t&amp;url=https://www.securityweek.com/new-banshee-stealer-macos-malware-priced-at-3000-per-month/&amp;ct=ga&amp;cd=CAIyGmQ5YWViMjk1NjcwMTA1NTQ6Y29tOmVuOlVT&amp;usg=AOvVaw3c40Oya2MQfFmrwoHDFFng</link>
<guid>https://www.google.com/url?rct=j&amp;sa=t&amp;url=https://www.securityweek.com/new-banshee-stealer-macos-malware-priced-at-3000-per-month/&amp;ct=ga&amp;cd=CAIyGmQ5YWViMjk1NjcwMTA1NTQ6Y29tOmVuOlVT&amp;usg=AOvVaw3c40Oya2MQfFmrwoHDFFng</guid>
<content:encoded><![CDATA[

â€œWhile Banshee Stealer is not overly complex in its design, its focus on <b>macOS</b> ... AMD Says New Sinkclose CPU <b>Vulnerability</b> Only Affects 'Seriously&nbsp;...
]]></content:encoded>
<pubDate>2024-08-16T12:06:50Z</pubDate>
<pubDate>2024-08-16T12:06:50Z</pubDate>
</item>

<item>
<title>White House Pledges $10 Million for Open Source Initiative</title>
<link>https://www.darkreading.com/application-security/white-house-pledges-10-million-for-open-source-initiative</link>
<guid>https://www.darkreading.com/application-security/white-house-pledges-10-million-for-open-source-initiative</guid>
<content:encoded><![CDATA[
The Open-Source Software Prevalence Initiative, announced at DEF CON, will examine how open source software is used in critical infrastructure.
]]></content:encoded>
<pubDate>Thu, 15 Aug 2024 22:36:55 GMT</pubDate>
</item>
<item>
<title>DARPA Announces AI Cyber Challenge Finalists</title>
<link>https://www.darkreading.com/application-security/darpa-announces-ai-cyber-challenge-finalists</link>
<guid>https://www.darkreading.com/application-security/darpa-announces-ai-cyber-challenge-finalists</guid>
<content:encoded><![CDATA[
Teams designed AI systems to secure open source infrastructure software to be used in industries like financial services, utilities, and healthcare. Each finalist was awarded a $2 million prize.
]]></content:encoded>
<pubDate>Thu, 15 Aug 2024 22:25:24 GMT</pubDate>
</item>
<item>
<title>Unfixed Microsoft Entra ID Authentication Bypass Threatens Hybrid IDs</title>
<link>https://www.darkreading.com/application-security/unfixed-microsoft-entra-id-authentication-bypass-threatens-hybrid-clouds</link>
<guid>https://www.darkreading.com/application-security/unfixed-microsoft-entra-id-authentication-bypass-threatens-hybrid-clouds</guid>
<content:encoded><![CDATA[
The attack affects organizations that have synced multiple on-premises Active Directory domains to a single Azure tenant.
]]></content:encoded>
<pubDate>Thu, 15 Aug 2024 20:09:34 GMT</pubDate>
</item>
<item>
<title>SolarWinds: Critical RCE Bug Requires Urgent Patch</title>
<link>https://www.darkreading.com/vulnerabilities-threats/solarwinds-critical-rce-bug-requires-urgent-patch</link>
<guid>https://www.darkreading.com/vulnerabilities-threats/solarwinds-critical-rce-bug-requires-urgent-patch</guid>
<content:encoded><![CDATA[
The vulnerability was given a high-severity CVSS score, indicating that customers should act swiftly to mitigate the flaw.
]]></content:encoded>
<pubDate>Thu, 15 Aug 2024 18:51:26 GMT</pubDate>
</item>
<item>
<title>Google: Iran's Charming Kitten Targets US Presidential Elections, Israeli Military</title>
<link>https://www.darkreading.com/cyberattacks-data-breaches/google-iran-charming-kitten-targets-presidential-elections-israeli-military</link>
<guid>https://www.darkreading.com/cyberattacks-data-breaches/google-iran-charming-kitten-targets-presidential-elections-israeli-military</guid>
<content:encoded><![CDATA[
The threat group tracked as APT42 remains on the warpath with various phishing and other social engineering campaigns, as tensions with Israel rise.
]]></content:encoded>
<pubDate>Thu, 15 Aug 2024 17:21:38 GMT</pubDate>
</item>
<item>
<title>How Can Organizations Navigate SEC's Cyber Materiality Disclosures?</title>
<link>https://www.darkreading.com/cyber-risk/how-can-organizations-navigate-sec-cyber-materiality-disclosures</link>
<guid>https://www.darkreading.com/cyber-risk/how-can-organizations-navigate-sec-cyber-materiality-disclosures</guid>
<content:encoded><![CDATA[
Inconsistencies and lack of information in cybersecurity disclosures highlight the need for organizations to establish a robust materiality assessment framework.
]]></content:encoded>
<pubDate>Thu, 15 Aug 2024 21:52:09 GMT</pubDate>
</item>
<item>
<title>Beyond the Hype: Unveiling the Realities of WormGPT in Cybersecurity</title>
<link>https://www.darkreading.com/vulnerabilities-threats/beyond-the-hype-unveiling-realities-of-wormgpt-in-cybersecurity</link>
<guid>https://www.darkreading.com/vulnerabilities-threats/beyond-the-hype-unveiling-realities-of-wormgpt-in-cybersecurity</guid>
<content:encoded><![CDATA[
Though WormGPT tools may not be a major problem now, organizations can't let their guard down.
]]></content:encoded>
<pubDate>Thu, 15 Aug 2024 14:00:00 GMT</pubDate>
</item>
<item>
<title>Ransomware Group Behind Major Indonesian Attack Wears Many Masks</title>
<link>https://www.darkreading.com/threat-intelligence/ransomware-group-behind-major-indonesian-attack-wears-many-masks</link>
<guid>https://www.darkreading.com/threat-intelligence/ransomware-group-behind-major-indonesian-attack-wears-many-masks</guid>
<content:encoded><![CDATA[
Brain Cipher made a loud entry to the ransomware scene, but it doesn't seem to be quite as sophisticated as its accomplishment would suggest.
]]></content:encoded>
<pubDate>Thu, 15 Aug 2024 00:00:00 GMT</pubDate>
</item>
<item>
<title>New ISAGCA Report Explores Zero-Trust Outcomes in OT Cybersecurity</title>
<link>https://www.darkreading.com/ics-ot-security/new-isagca-report-explores-zero-trust-outcomes-in-ot-cybersecurity</link>
<guid>https://www.darkreading.com/ics-ot-security/new-isagca-report-explores-zero-trust-outcomes-in-ot-cybersecurity</guid>
<content:encoded><![CDATA[
New ISAGCA Report Explores Zero-Trust Outcomes in OT Cybersecurity
]]></content:encoded>
<pubDate>Wed, 14 Aug 2024 19:49:37 GMT</pubDate>
</item>
<item>
<title>'EastWind' Cyber-Spy Campaign Combines Various Chinese APT Tools</title>
<link>https://www.darkreading.com/cyberattacks-data-breaches/eastwind-cyber-spy-campaign-chinese-apt-tools</link>
<guid>https://www.darkreading.com/cyberattacks-data-breaches/eastwind-cyber-spy-campaign-chinese-apt-tools</guid>
<content:encoded><![CDATA[
The likely China-linked campaign is deploying CloudSorcerer and other proprietary binaries belonging to known state-sponsored groups, showing how advanced persistent threat groups often collaborate with each other.
]]></content:encoded>
<pubDate>Wed, 14 Aug 2024 19:46:52 GMT</pubDate>
</item>
<item>
<title>Mimecast Announces Acquisition of Aware, Doubles Down on AI-Powered Human Risk Management Capabilities</title>
<link>https://www.darkreading.com/endpoint-security/mimecast-announces-acquisition-of-aware-doubles-down-on-ai-powered-human-risk-management-capabilities</link>
<guid>https://www.darkreading.com/endpoint-security/mimecast-announces-acquisition-of-aware-doubles-down-on-ai-powered-human-risk-management-capabilities</guid>
<content:encoded><![CDATA[
Mimecast Announces Acquisition of Aware, Doubles Down on AI-Powered Human Risk Management Capabilities
]]></content:encoded>
<pubDate>Wed, 14 Aug 2024 19:06:06 GMT</pubDate>
</item>
<item>
<title>DigiCert to Acquire Vercara</title>
<link>https://www.darkreading.com/cloud-security/digicert-to-acquire-vercara</link>
<guid>https://www.darkreading.com/cloud-security/digicert-to-acquire-vercara</guid>
<content:encoded><![CDATA[
DigiCert to Acquire Vercara
]]></content:encoded>
<pubDate>Wed, 14 Aug 2024 19:01:59 GMT</pubDate>
</item>
<item>
<title>Guardz Launches Free 'Community Shield' Plan to Empower MSPs</title>
<link>https://www.darkreading.com/cybersecurity-operations/guardz-launches-free-community-shield-plan-to-empower-msps</link>
<guid>https://www.darkreading.com/cybersecurity-operations/guardz-launches-free-community-shield-plan-to-empower-msps</guid>
<content:encoded><![CDATA[
Guardz Launches Free 'Community Shield' Plan to Empower MSPs
]]></content:encoded>
<pubDate>Wed, 14 Aug 2024 18:59:25 GMT</pubDate>
</item>
<item>
<title>Gcore Radar Report Shows 46% Increase in Number of DDoS Attacks in First Half of 2024</title>
<link>https://www.darkreading.com/cloud-security/gcore-radar-report-shows-46-increase-in-number-of-ddos-attacks-in-first-half-of-2024</link>
<guid>https://www.darkreading.com/cloud-security/gcore-radar-report-shows-46-increase-in-number-of-ddos-attacks-in-first-half-of-2024</guid>
<content:encoded><![CDATA[
Gcore Radar Report Shows 46% Increase in Number of DDoS Attacks in First Half of 2024
]]></content:encoded>
<pubDate>Wed, 14 Aug 2024 18:46:49 GMT</pubDate>
</item>
<item>
<title>Zimperium Teams Up With Okta to Enhance Zero-Trust Identity Threat Protection With AI-Driven Mobile Security Solutions</title>
<link>https://www.darkreading.com/cybersecurity-operations/zimperium-teams-up-with-okta-to-enhance-zero-trust-identity-threat-protection-with-ai-driven-mobile-security-solutions</link>
<guid>https://www.darkreading.com/cybersecurity-operations/zimperium-teams-up-with-okta-to-enhance-zero-trust-identity-threat-protection-with-ai-driven-mobile-security-solutions</guid>
<content:encoded><![CDATA[
Zimperium Teams Up With Okta to Enhance Zero-Trust Identity Threat Protection With AI-Driven Mobile Security Solutions
]]></content:encoded>
<pubDate>Wed, 14 Aug 2024 18:42:42 GMT</pubDate>
</item>
<item>
<title>Digital Align Inc. Achieves SOC 2 Type 2 Certification for Secure Automation Intelligence</title>
<link>https://www.darkreading.com/cybersecurity-operations/digital-align-inc-achieves-soc-2-type-2-certification-for-secure-automation-intelligence</link>
<guid>https://www.darkreading.com/cybersecurity-operations/digital-align-inc-achieves-soc-2-type-2-certification-for-secure-automation-intelligence</guid>
<content:encoded><![CDATA[
Digital Align Inc. Achieves SOC 2 Type 2 Certification for Secure Automation Intelligence
]]></content:encoded>
<pubDate>Wed, 14 Aug 2024 18:18:13 GMT</pubDate>
</item>
<item>
<title>Experian Acquires Behavioral Analytics Company NeuroID</title>
<link>https://www.darkreading.com/endpoint-security/experian-acquires-behavioral-analytics-company-neuroid</link>
<guid>https://www.darkreading.com/endpoint-security/experian-acquires-behavioral-analytics-company-neuroid</guid>
<content:encoded><![CDATA[
Experian Acquires Behavioral Analytics Company NeuroID
]]></content:encoded>
<pubDate>Wed, 14 Aug 2024 18:11:06 GMT</pubDate>
</item>
<item>
<title>UK Royal Family, Prime Minister Deepfakes Make Rounds on Meta</title>
<link>https://www.darkreading.com/vulnerabilities-threats/uk-royal-family-prime-minister-deepfakes-meta</link>
<guid>https://www.darkreading.com/vulnerabilities-threats/uk-royal-family-prime-minister-deepfakes-meta</guid>
<content:encoded><![CDATA[
According to the researchers, roughly 250 fake advertisements appeared on platforms like Facebook and Instagram, and some are reportedly still up and running.
]]></content:encoded>
<pubDate>Wed, 14 Aug 2024 17:48:17 GMT</pubDate>
</item>
<item>
<title>Cybersecurity's Real Challenge Is Communication, Not Just Technology</title>
<link>https://www.darkreading.com/cybersecurity-operations/cybersecuritys-real-challenge-is-communication-not-just-technology</link>
<guid>https://www.darkreading.com/cybersecurity-operations/cybersecuritys-real-challenge-is-communication-not-just-technology</guid>
<content:encoded><![CDATA[
By nurturing a security-centric work culture that involves everybody, organizations can overcome challenges with greater agility and confidence.
]]></content:encoded>
<pubDate>Wed, 14 Aug 2024 14:00:00 GMT</pubDate>
</item>
<item>
<title>Cybercriminal Leader 'J.P.Morgan' Busted for Pioneering RaaS Model</title>
<link>https://www.darkreading.com/cyber-risk/cybercriminal-leader-jp-morgan-busted-pioneering-raas</link>
<guid>https://www.darkreading.com/cyber-risk/cybercriminal-leader-jp-morgan-busted-pioneering-raas</guid>
<content:encoded><![CDATA[
Maksim Silnikau and his associates are accused of developing and distributing notorious ransomware strains such as Reveton and Ransom Cartel, among other criminal acts.
]]></content:encoded>
<pubDate>Wed, 14 Aug 2024 13:57:46 GMT</pubDate>
</item>
<item>
<title>NIST Releases 3 Post-Quantum Standards, Urges Orgs to Start PQC Journey</title>
<link>https://www.darkreading.com/endpoint-security/nist-releases-3-post-quantum-standards-urges-orgs-to-start-pqc-journey</link>
<guid>https://www.darkreading.com/endpoint-security/nist-releases-3-post-quantum-standards-urges-orgs-to-start-pqc-journey</guid>
<content:encoded><![CDATA[
Security experts welcome the long-anticipated publication of the first post-quantum cryptographic standards as a significant milestone.
]]></content:encoded>
<pubDate>Wed, 14 Aug 2024 13:16:50 GMT</pubDate>
</item>
<item>
<title>DNC Credentials Compromised by 'IntelFetch' Telegram Bot</title>
<link>https://www.darkreading.com/cyberattacks-data-breaches/dnc-credentials-compromised-intelfetch-telegram-bot</link>
<guid>https://www.darkreading.com/cyberattacks-data-breaches/dnc-credentials-compromised-intelfetch-telegram-bot</guid>
<content:encoded><![CDATA[
The Democratic National Convention soon to take place in Chicago, already under heavy security, faces an additional threat in the form of stolen credentials for delegates.
]]></content:encoded>
<pubDate>Wed, 14 Aug 2024 10:00:00 GMT</pubDate>
</item>
<item>
<title>Inc Ransomware Encryptor Contains Keys to Victim Data Recovery</title>
<link>https://www.darkreading.com/cyberattacks-data-breaches/inc-ransomware-encryptor-contains-keys-to-victim-data-recovery</link>
<guid>https://www.darkreading.com/cyberattacks-data-breaches/inc-ransomware-encryptor-contains-keys-to-victim-data-recovery</guid>
<content:encoded><![CDATA[
The threat group is disrupting healthcare organizations. Victims can help themselves, though, even after compromise, by being careful in the decryption process.
]]></content:encoded>
<pubDate>Wed, 14 Aug 2024 10:00:00 GMT</pubDate>
</item>
<item>
<title>It's Time to Promote Security Talent From Within</title>
<link>https://www.darkreading.com/cybersecurity-operations/it-s-time-to-promote-security-talent-from-within</link>
<guid>https://www.darkreading.com/cybersecurity-operations/it-s-time-to-promote-security-talent-from-within</guid>
<content:encoded><![CDATA[
While there are smart people and good leaders in other fields, we need to cultivate and grow leaders from the existing cybersecurity workforce, too.
]]></content:encoded>
<pubDate>Wed, 14 Aug 2024 00:26:35 GMT</pubDate>
</item>
<item>
<title>Gold Mining Company Struck by Ransomware Attack</title>
<link>https://www.darkreading.com/cyberattacks-data-breaches/gold-mining-company-struck-by-ransomware-attack</link>
<guid>https://www.darkreading.com/cyberattacks-data-breaches/gold-mining-company-struck-by-ransomware-attack</guid>
<content:encoded><![CDATA[
Australia's Evolution Mining said its IT systems were infected with ransomware in an Aug. 8 cyber incident.
]]></content:encoded>
<pubDate>Tue, 13 Aug 2024 23:00:00 GMT</pubDate>
</item>
<item>
<title>Microsoft Discloses 10 Zero-Day Bugs in Patch Tuesday Update</title>
<link>https://www.darkreading.com/vulnerabilities-threats/microsoft-discloses-10-zero-day-bugs-in-pacth-tuesday-update</link>
<guid>https://www.darkreading.com/vulnerabilities-threats/microsoft-discloses-10-zero-day-bugs-in-pacth-tuesday-update</guid>
<content:encoded><![CDATA[
Attackers are already actively exploiting six of the bugs and four others are public, including one for which Microsoft has no patch yet.
]]></content:encoded>
<pubDate>Tue, 13 Aug 2024 20:56:46 GMT</pubDate>
</item>
<item>
<title>NIST Finalizes Post-Quantum Encryption Standards</title>
<link>https://www.darkreading.com/endpoint-security/nist-finalizes-post-quantum-encryption-standards</link>
<guid>https://www.darkreading.com/endpoint-security/nist-finalizes-post-quantum-encryption-standards</guid>
<content:encoded><![CDATA[
The new standards are designed for two tasks: general encryption and digital signatures.
]]></content:encoded>
<pubDate>Tue, 13 Aug 2024 20:38:20 GMT</pubDate>
</item>
<item>
<title>Cybercriminal Duo Attracts FBI Notice by Spending Big &amp;amp; Living Large</title>
<link>https://www.darkreading.com/cybersecurity-operations/cybercriminal-duo-attract-fbi-by-spending-big-and-living-large</link>
<guid>https://www.darkreading.com/cybersecurity-operations/cybercriminal-duo-attract-fbi-by-spending-big-and-living-large</guid>
<content:encoded><![CDATA[
Cash may be king, but law enforcement keeps track of who spends it, especially when it's in the six-figure range.
]]></content:encoded>
<pubDate>Tue, 13 Aug 2024 20:25:31 GMT</pubDate>
</item>
<item>
<title>Critical Ivanti vTM Bug Allows Unauthorized Admin Access</title>
<link>https://www.darkreading.com/remote-workforce/critical-ivanti-vtm-bug-unauthorized-admin-access</link>
<guid>https://www.darkreading.com/remote-workforce/critical-ivanti-vtm-bug-unauthorized-admin-access</guid>
<content:encoded><![CDATA[
The CVSS 9.8 authentication bypass in Ivanti's traffic manager admin panel already has a proof-of-concept (PoC) exploit lurking in the wild.
]]></content:encoded>
<pubDate>Tue, 13 Aug 2024 19:51:26 GMT</pubDate>
</item>
<item>
<title>Microsoft Azure AI Health Bot Infected With Critical Vulnerabilities</title>
<link>https://www.darkreading.com/application-security/microsoft-azure-ai-health-bot-infected-with-critical-vulnerabilities</link>
<guid>https://www.darkreading.com/application-security/microsoft-azure-ai-health-bot-infected-with-critical-vulnerabilities</guid>
<content:encoded><![CDATA[
Privilege escalation flaws in the healthcare chatbot platform could have allowed unauthorized cross-tenant access and management of other customersâ€™ resources.
]]></content:encoded>
<pubDate>Tue, 13 Aug 2024 18:36:28 GMT</pubDate>
</item>
<item>
<title>APT41 Spinoff Expands Chinese Actor's Scope Beyond Asia</title>
<link>https://www.darkreading.com/cyberattacks-data-breaches/apt41-spinoff-expands-chinese-actor-scope-beyond-asia</link>
<guid>https://www.darkreading.com/cyberattacks-data-breaches/apt41-spinoff-expands-chinese-actor-scope-beyond-asia</guid>
<content:encoded><![CDATA[
Earth Baku, yet another subgroup of the highly active and increasingly sophisticated collective, is moving into EMEA with new malware and living-off-the-land (LotL) tactics.
]]></content:encoded>
<pubDate>Tue, 13 Aug 2024 18:10:51 GMT</pubDate>
</item>
<item>
<title>FBI Shuts Down Dozens of Radar/Dispossessor Ransomware Servers</title>
<link>https://www.darkreading.com/cyberattacks-data-breaches/fbi-shuts-down-dozens-of-radar-dispossessor-ransomware-servers</link>
<guid>https://www.darkreading.com/cyberattacks-data-breaches/fbi-shuts-down-dozens-of-radar-dispossessor-ransomware-servers</guid>
<content:encoded><![CDATA[
Computer infrastructure in the US, UK, and Germany associated with the cybercriminal group, which targeted SMBs using double extortion, is officially out of commission.
]]></content:encoded>
<pubDate>Tue, 13 Aug 2024 18:08:36 GMT</pubDate>
</item>
<item>
<title>The Changing Expectations for Developers in an AI-Coding Future</title>
<link>https://www.darkreading.com/application-security/the-changing-expectations-for-developers-in-an-ai-coding-future</link>
<guid>https://www.darkreading.com/application-security/the-changing-expectations-for-developers-in-an-ai-coding-future</guid>
<content:encoded><![CDATA[
AI's proficiency at creating software code won't put developers out of a job, but the job will change to one focused on security, collaboration, and &quot;mentoring&quot; AI models.
]]></content:encoded>
<pubDate>Tue, 13 Aug 2024 14:00:00 GMT</pubDate>
</item>
<item>
<title>DARPA Aims to Ditch C Code, Move to Rust</title>
<link>https://www.darkreading.com/application-security/darpa-aims-to-ditch-c-code-move-to-rust</link>
<guid>https://www.darkreading.com/application-security/darpa-aims-to-ditch-c-code-move-to-rust</guid>
<content:encoded><![CDATA[
The Defense Advanced Research Projects Agency launches TRACTOR program to work with university and industry researchers on creating a translation system that can turn C code into secure, idiomatic Rust code.
]]></content:encoded>
<pubDate>Tue, 13 Aug 2024 12:28:23 GMT</pubDate>
</item>
<item>
<title>CrowdStrike Tries to Patch Things Up With Cybersecurity Industry</title>
<link>https://www.darkreading.com/cybersecurity-operations/crowdstrike-tries-patch-things-up-cybersecurity-industry</link>
<guid>https://www.darkreading.com/cybersecurity-operations/crowdstrike-tries-patch-things-up-cybersecurity-industry</guid>
<content:encoded><![CDATA[
CrowdStrike's president and CEO were both at Black Hat and DEF CON to face direct questions from customers and cybersecurity professionals.
]]></content:encoded>
<pubDate>Mon, 12 Aug 2024 21:23:20 GMT</pubDate>
</item>
<item>
<title>UN Approves Cybercrime Treaty Despite Major Tech, Privacy Concerns</title>
<link>https://www.darkreading.com/cyberattacks-data-breaches/un-approves-cybercrime-treaty-despite-major-tech-privacy-concerns</link>
<guid>https://www.darkreading.com/cyberattacks-data-breaches/un-approves-cybercrime-treaty-despite-major-tech-privacy-concerns</guid>
<content:encoded><![CDATA[
The treaty would allow any country to request technology firms to aid in cybercrime investigations and preserve data about their users â€” potentially imperiling penetration testers and security researchers, among others.
]]></content:encoded>
<pubDate>Mon, 12 Aug 2024 20:39:18 GMT</pubDate>
</item>
<item>
<title>AMD Issues Updates for Silicon-Level 'SinkClose' Processor Flaw</title>
<link>https://www.darkreading.com/remote-workforce/amd-issues-updates-for-silicon-level-sinkclose-flaw</link>
<guid>https://www.darkreading.com/remote-workforce/amd-issues-updates-for-silicon-level-sinkclose-flaw</guid>
<content:encoded><![CDATA[
The vulnerability has been around for nearly 20 years and gives sophisticated attackers a way to bury virtually undetectable bootkits on devices with EPYC and Ryzen microprocessors.
]]></content:encoded>
<pubDate>Mon, 12 Aug 2024 20:14:47 GMT</pubDate>
</item>
<item>
<title>Ukraine CERT: Mass Phishing Campaign Poses as Nation's Security Service</title>
<link>https://www.darkreading.com/vulnerabilities-threats/ukraine-cert-phishing-campaign-poses-as-nations-security-service</link>
<guid>https://www.darkreading.com/vulnerabilities-threats/ukraine-cert-phishing-campaign-poses-as-nations-security-service</guid>
<content:encoded><![CDATA[
More than 100 Ukrainian government devices have been affected by the threat that is being tracked as UAC-0198.
]]></content:encoded>
<pubDate>Mon, 12 Aug 2024 18:25:00 GMT</pubDate>
</item>
<item>
<title>CLFS Bug Crashes Even Updated Windows 10, 11 Systems</title>
<link>https://www.darkreading.com/vulnerabilities-threats/clfs-bug-crashes-even-updated-windows-10-11-systems</link>
<guid>https://www.darkreading.com/vulnerabilities-threats/clfs-bug-crashes-even-updated-windows-10-11-systems</guid>
<content:encoded><![CDATA[
A quick and easy exploit for crashing Windows computers has no fix yet nor really any way to mitigate its effects.
]]></content:encoded>
<pubDate>Mon, 12 Aug 2024 18:00:00 GMT</pubDate>
</item>
<item>
<title>A Lesson From the CrowdStrike Incident</title>
<link>https://www.darkreading.com/vulnerabilities-threats/lesson-from-crowdstrike-incident</link>
<guid>https://www.darkreading.com/vulnerabilities-threats/lesson-from-crowdstrike-incident</guid>
<content:encoded><![CDATA[
The recent outage highlights the critical importance of adhering to established processes and governance frameworks.
]]></content:encoded>
<pubDate>Mon, 12 Aug 2024 14:00:00 GMT</pubDate>
</item>
<item>
<title>Tennessee Man Helped DPRK Workers Get Jobs at US Orgs, Fund WMDs</title>
<link>https://www.darkreading.com/remote-workforce/tennessee-man-helped-dprk-workers-get-jobs-at-us-orgs-fund-wmds</link>
<guid>https://www.darkreading.com/remote-workforce/tennessee-man-helped-dprk-workers-get-jobs-at-us-orgs-fund-wmds</guid>
<content:encoded><![CDATA[
US citizens play middleman between US companies and the North Korean government agents they unwittingly hire.
]]></content:encoded>
<pubDate>Mon, 12 Aug 2024 13:30:00 GMT</pubDate>
</item>
<item>
<title>Healthcare Providers Must Plan for Ransomware Attacks on Third-Party Suppliers</title>
<link>https://www.darkreading.com/endpoint-security/healthcare-providers-must-plan-for-ransomware-attacks-on-third-party-suppliers</link>
<guid>https://www.darkreading.com/endpoint-security/healthcare-providers-must-plan-for-ransomware-attacks-on-third-party-suppliers</guid>
<content:encoded><![CDATA[
The American Hospital Association and Health-ISAC issued a joint threat bulletin warning healthcare IT providers that their ransomware plans need to consider third-party risk.
]]></content:encoded>
<pubDate>Sat, 10 Aug 2024 01:59:25 GMT</pubDate>
</item>
<item>
<title>Vectra AI Expands XDR Platform to Deliver a Real-Time View of Active Posture to Monitor Exposure to Attackers</title>
<link>https://www.darkreading.com/endpoint-security/vectra-ai-expands-xdr-platform-to-deliver-a-real-time-view-of-active-posture-to-monitor-exposure-to-attackers</link>
<guid>https://www.darkreading.com/endpoint-security/vectra-ai-expands-xdr-platform-to-deliver-a-real-time-view-of-active-posture-to-monitor-exposure-to-attackers</guid>
<content:encoded><![CDATA[
Vectra AI Expands XDR Platform to Deliver a Real-Time View of Active Posture to Monitor Exposure to Attackers
]]></content:encoded>
<pubDate>Fri, 09 Aug 2024 19:14:24 GMT</pubDate>
</item>
<item>
<title>WiCyS and ISC2 Launch Fall Camp for Cybersecurity Certification</title>
<link>https://www.darkreading.com/cybersecurity-operations/wicys-and-isc2-launch-fall-camp-for-cybersecurity-certification</link>
<guid>https://www.darkreading.com/cybersecurity-operations/wicys-and-isc2-launch-fall-camp-for-cybersecurity-certification</guid>
<content:encoded><![CDATA[
WiCyS and ISC2 Launch Fall Camp for Cybersecurity Certification
]]></content:encoded>
<pubDate>Fri, 09 Aug 2024 19:10:09 GMT</pubDate>
</item>
<item>
<title>Solar Power Installations Worldwide Open to Cloud API Bugs</title>
<link>https://www.darkreading.com/ics-ot-security/solar-power-installations-worldwide-open-to-cloud-api-bugs</link>
<guid>https://www.darkreading.com/ics-ot-security/solar-power-installations-worldwide-open-to-cloud-api-bugs</guid>
<content:encoded><![CDATA[
The weaknesses gave attackers an avenue to take over millions of photovoltaic devices connected to Solarman and Deye's cloud-hosted management systems.
]]></content:encoded>
<pubDate>Fri, 09 Aug 2024 18:31:09 GMT</pubDate>
</item>
<item>
<title>Anthropic: Expanding Our Model Safety Bug Bounty Program</title>
<link>https://www.darkreading.com/cybersecurity-operations/antrhopic-expanding-our-model-safety-bug-bounty-program</link>
<guid>https://www.darkreading.com/cybersecurity-operations/antrhopic-expanding-our-model-safety-bug-bounty-program</guid>
<content:encoded><![CDATA[
Anthropic: Expanding Our Model Safety Bug Bounty Program
]]></content:encoded>
<pubDate>Fri, 09 Aug 2024 17:53:19 GMT</pubDate>
</item>
<item>
<title>HPE Aruba Networking Strengthens Cyber Defenses With AI-Powered Network Detection and Response</title>
<link>https://www.darkreading.com/cyberattacks-data-breaches/hpe-aruba-networking-strengthens-cyber-defenses-with-ai-powered-network-detection-and-response</link>
<guid>https://www.darkreading.com/cyberattacks-data-breaches/hpe-aruba-networking-strengthens-cyber-defenses-with-ai-powered-network-detection-and-response</guid>
<content:encoded><![CDATA[
HPE Aruba Networking Strengthens Cyber Defenses With AI-Powered Network Detection and Response
]]></content:encoded>
<pubDate>Fri, 09 Aug 2024 17:46:18 GMT</pubDate>
</item>
<item>
<title>Entro Extends Non-Human Identity Security Platform</title>
<link>https://www.darkreading.com/endpoint-security/entro-extends-industry-leading-non-human-identity-security-platform</link>
<guid>https://www.darkreading.com/endpoint-security/entro-extends-industry-leading-non-human-identity-security-platform</guid>
<content:encoded><![CDATA[
Entro Extends Non-Human Identity Security Platform
]]></content:encoded>
<pubDate>Fri, 09 Aug 2024 17:34:18 GMT</pubDate>
</item>
<item>
<title>Progress Announces Conclusion of SEC Investigation into MOVEit</title>
<link>https://www.darkreading.com/cybersecurity-operations/progress-announces-conclusion-of-sec-investigation-into-moveit</link>
<guid>https://www.darkreading.com/cybersecurity-operations/progress-announces-conclusion-of-sec-investigation-into-moveit</guid>
<content:encoded><![CDATA[
Progress Announces Conclusion of SEC Investigation into MOVEit
]]></content:encoded>
<pubDate>Fri, 09 Aug 2024 17:07:57 GMT</pubDate>
</item>
<item>
<title>Media &amp;amp; Victims Find Common Ground Against Hackers</title>
<link>https://www.darkreading.com/cyberattacks-data-breaches/media-and-victims-find-common-ground-against-hackers</link>
<guid>https://www.darkreading.com/cyberattacks-data-breaches/media-and-victims-find-common-ground-against-hackers</guid>
<content:encoded><![CDATA[
In a panel at Black Hat 2024, journalists and investigators explain their differing goals when a victim organization is breached.
]]></content:encoded>
<pubDate>Fri, 09 Aug 2024 17:05:56 GMT</pubDate>
</item>
<item>
<title>Rubrik Partners With Mandiant for Cyber Resilience and Accelerated Incident Response Recovery</title>
<link>https://www.darkreading.com/cybersecurity-operations/rubrik-partners-with-mandiant-for-cyber-resilience-and-accelerated-incident-response-recovery</link>
<guid>https://www.darkreading.com/cybersecurity-operations/rubrik-partners-with-mandiant-for-cyber-resilience-and-accelerated-incident-response-recovery</guid>
<content:encoded><![CDATA[
Rubrik Partners With Mandiant for Cyber Resilience and Accelerated Incident Response Recovery
]]></content:encoded>
<pubDate>Fri, 09 Aug 2024 17:00:25 GMT</pubDate>
</item>
<item>
<title>Tackling Vulnerabilities &amp;amp; Errors Head-on for Proactive Security</title>
<link>https://www.darkreading.com/vulnerabilities-threats/tackling-vulnerabilities-and-errors-head-on-for-proactive-security</link>
<guid>https://www.darkreading.com/vulnerabilities-threats/tackling-vulnerabilities-and-errors-head-on-for-proactive-security</guid>
<content:encoded><![CDATA[
As attack surfaces increase, partner networks widen, and security teams remain stretched, vulnerabilities and errors continue to be a daunting challenge.
]]></content:encoded>
<pubDate>Fri, 09 Aug 2024 14:00:00 GMT</pubDate>
</item>
<item>
<title>Dark Reading News Desk Live From Black Hat USA 2024</title>
<link>https://www.darkreading.com/threat-intelligence/dark-reading-news-desk-live-at-black-hat-usa-2024</link>
<guid>https://www.darkreading.com/threat-intelligence/dark-reading-news-desk-live-at-black-hat-usa-2024</guid>
<content:encoded><![CDATA[
The Dark Reading team spent two days on the Dark Reading News Desk interviewing the world's top cybersecurity experts.
]]></content:encoded>
<pubDate>Fri, 09 Aug 2024 11:58:22 GMT</pubDate>
</item>
<item>
<title>Memory Safety Is Key to Preventing Hardware Hacks</title>
<link>https://www.darkreading.com/endpoint-security/memory-safety-is-key-to-preventing-hardware-hacks</link>
<guid>https://www.darkreading.com/endpoint-security/memory-safety-is-key-to-preventing-hardware-hacks</guid>
<content:encoded><![CDATA[
Spectre and Meltdown exposed just how easy a target computer memory was for attackers. Several efforts are underway to protect memory.
]]></content:encoded>
<pubDate>Thu, 08 Aug 2024 22:33:36 GMT</pubDate>
</item>
<item>
<title>GitHub Attack Vector Cracks Open Google, Microsoft, AWS Projects</title>
<link>https://www.darkreading.com/cloud-security/github-attack-vector-google-microsoft-aws-projects</link>
<guid>https://www.darkreading.com/cloud-security/github-attack-vector-google-microsoft-aws-projects</guid>
<content:encoded><![CDATA[
Cloud services and thus millions of end users who access them could have been affected by the poisoning of artifacts in the development workflow of open source projects.
]]></content:encoded>
<pubDate>Wed, 14 Aug 2024 14:16:57 GMT</pubDate>
</item>
</channel>
</rss>